<?xml version="1.0" encoding="UTF-8"?>
<!-- Generated by org.testng.reporters.JUnitReportReporter -->
<testsuite hostname="DESKTOP-E1DSPF6" name="testNG.FeatureTest" tests="4" failures="0" timestamp="3 Apr 2019 22:24:32 GMT" time="11.714" errors="0">
  <testcase name="adminPage" time="1.143" classname="testNG.FeatureTest"/>
  <testcase name="logout" time="1.306" classname="testNG.FeatureTest"/>
  <testcase name="login" time="2.114" classname="testNG.FeatureTest"/>
  <testcase name="invokeBrowser" time="7.151" classname="testNG.FeatureTest"/>
</testsuite> <!-- testNG.FeatureTest -->
